mode: set
github.com/messagedigest-net/gh-advanced-security/services/alertservices.go:17.40,18.25 1 0
github.com/messagedigest-net/gh-advanced-security/services/alertservices.go:18.25,20.6 1 0
github.com/messagedigest-net/gh-advanced-security/services/alertservices.go:21.5,21.21 1 0
github.com/messagedigest-net/gh-advanced-security/services/alertservices.go:25.116,31.9 4 0
github.com/messagedigest-net/gh-advanced-security/services/alertservices.go:31.9,34.23 3 0
github.com/messagedigest-net/gh-advanced-security/services/alertservices.go:34.23,36.10 1 0
github.com/messagedigest-net/gh-advanced-security/services/alertservices.go:38.9,38.23 1 0
github.com/messagedigest-net/gh-advanced-security/services/alertservices.go:38.23,40.30 2 0
github.com/messagedigest-net/gh-advanced-security/services/alertservices.go:40.30,41.22 1 0
github.com/messagedigest-net/gh-advanced-security/services/alertservices.go:43.13,44.21 2 0
github.com/messagedigest-net/gh-advanced-security/services/alertservices.go:48.9,49.58 2 0
github.com/messagedigest-net/gh-advanced-security/services/alertservices.go:49.58,51.10 1 0
github.com/messagedigest-net/gh-advanced-security/services/alertservices.go:53.9,53.26 1 0
github.com/messagedigest-net/gh-advanced-security/services/alertservices.go:53.26,54.18 1 0
github.com/messagedigest-net/gh-advanced-security/services/alertservices.go:58.9,58.22 1 0
github.com/messagedigest-net/gh-advanced-security/services/alertservices.go:58.22,59.34 1 0
github.com/messagedigest-net/gh-advanced-security/services/alertservices.go:59.34,60.22 1 0
github.com/messagedigest-net/gh-advanced-security/services/alertservices.go:63.9,63.23 1 0
github.com/messagedigest-net/gh-advanced-security/services/alertservices.go:66.5,66.19 1 0
github.com/messagedigest-net/gh-advanced-security/services/alertservices.go:66.19,68.6 1 0
github.com/messagedigest-net/gh-advanced-security/services/alertservices.go:69.5,69.15 1 0
github.com/messagedigest-net/gh-advanced-security/services/alertservices.go:73.118,79.9 4 0
github.com/messagedigest-net/gh-advanced-security/services/alertservices.go:79.9,82.23 3 0
github.com/messagedigest-net/gh-advanced-security/services/alertservices.go:82.23,84.10 1 0
github.com/messagedigest-net/gh-advanced-security/services/alertservices.go:86.9,86.23 1 0
github.com/messagedigest-net/gh-advanced-security/services/alertservices.go:86.23,88.30 2 0
github.com/messagedigest-net/gh-advanced-security/services/alertservices.go:88.30,89.22 1 0
github.com/messagedigest-net/gh-advanced-security/services/alertservices.go:91.13,92.21 2 0
github.com/messagedigest-net/gh-advanced-security/services/alertservices.go:95.9,96.60 2 0
github.com/messagedigest-net/gh-advanced-security/services/alertservices.go:96.60,98.10 1 0
github.com/messagedigest-net/gh-advanced-security/services/alertservices.go:100.9,100.26 1 0
github.com/messagedigest-net/gh-advanced-security/services/alertservices.go:100.26,101.18 1 0
github.com/messagedigest-net/gh-advanced-security/services/alertservices.go:104.9,104.22 1 0
github.com/messagedigest-net/gh-advanced-security/services/alertservices.go:104.22,105.34 1 0
github.com/messagedigest-net/gh-advanced-security/services/alertservices.go:105.34,106.22 1 0
github.com/messagedigest-net/gh-advanced-security/services/alertservices.go:109.9,109.23 1 0
github.com/messagedigest-net/gh-advanced-security/services/alertservices.go:112.5,112.19 1 0
github.com/messagedigest-net/gh-advanced-security/services/alertservices.go:112.19,114.6 1 0
github.com/messagedigest-net/gh-advanced-security/services/alertservices.go:115.5,115.15 1 0
github.com/messagedigest-net/gh-advanced-security/services/alertservices.go:119.56,121.19 2 1
github.com/messagedigest-net/gh-advanced-security/services/alertservices.go:121.19,123.6 1 0
github.com/messagedigest-net/gh-advanced-security/services/alertservices.go:125.3,127.38 2 1
github.com/messagedigest-net/gh-advanced-security/services/alertservices.go:127.38,136.22 7 1
github.com/messagedigest-net/gh-advanced-security/services/alertservices.go:136.22,138.5 1 0
github.com/messagedigest-net/gh-advanced-security/services/alertservices.go:139.4,141.15 3 1
github.com/messagedigest-net/gh-advanced-security/services/alertservices.go:144.2,144.20 1 1
github.com/messagedigest-net/gh-advanced-security/services/alertservices.go:148.58,150.17 2 0
github.com/messagedigest-net/gh-advanced-security/services/alertservices.go:150.17,152.4 1 0
github.com/messagedigest-net/gh-advanced-security/services/alertservices.go:154.3,156.40 2 0
github.com/messagedigest-net/gh-advanced-security/services/alertservices.go:156.40,162.24 5 0
github.com/messagedigest-net/gh-advanced-security/services/alertservices.go:162.24,164.5 1 0
github.com/messagedigest-net/gh-advanced-security/services/alertservices.go:165.4,169.15 4 0
github.com/messagedigest-net/gh-advanced-security/services/alertservices.go:172.3,172.21 1 0
github.com/messagedigest-net/gh-advanced-security/services/alertservices.go:176.126,182.9 4 0
github.com/messagedigest-net/gh-advanced-security/services/alertservices.go:182.9,185.23 3 0
github.com/messagedigest-net/gh-advanced-security/services/alertservices.go:185.23,187.10 1 0
github.com/messagedigest-net/gh-advanced-security/services/alertservices.go:189.9,189.23 1 0
github.com/messagedigest-net/gh-advanced-security/services/alertservices.go:189.23,191.30 2 0
github.com/messagedigest-net/gh-advanced-security/services/alertservices.go:191.30,192.22 1 0
github.com/messagedigest-net/gh-advanced-security/services/alertservices.go:194.13,195.21 2 0
github.com/messagedigest-net/gh-advanced-security/services/alertservices.go:201.9,201.64 1 0
github.com/messagedigest-net/gh-advanced-security/services/alertservices.go:201.64,203.10 1 0
github.com/messagedigest-net/gh-advanced-security/services/alertservices.go:205.9,205.26 1 0
github.com/messagedigest-net/gh-advanced-security/services/alertservices.go:205.26,206.18 1 0
github.com/messagedigest-net/gh-advanced-security/services/alertservices.go:209.9,209.22 1 0
github.com/messagedigest-net/gh-advanced-security/services/alertservices.go:209.22,210.34 1 0
github.com/messagedigest-net/gh-advanced-security/services/alertservices.go:210.34,211.22 1 0
github.com/messagedigest-net/gh-advanced-security/services/alertservices.go:214.9,214.23 1 0
github.com/messagedigest-net/gh-advanced-security/services/alertservices.go:217.5,217.19 1 0
github.com/messagedigest-net/gh-advanced-security/services/alertservices.go:217.19,219.6 1 0
github.com/messagedigest-net/gh-advanced-security/services/alertservices.go:220.5,220.15 1 0
github.com/messagedigest-net/gh-advanced-security/services/alertservices.go:224.87,226.19 2 0
github.com/messagedigest-net/gh-advanced-security/services/alertservices.go:226.19,228.6 1 0
github.com/messagedigest-net/gh-advanced-security/services/alertservices.go:230.5,231.32 2 0
github.com/messagedigest-net/gh-advanced-security/services/alertservices.go:231.32,238.30 6 0
github.com/messagedigest-net/gh-advanced-security/services/alertservices.go:238.30,240.10 1 0
github.com/messagedigest-net/gh-advanced-security/services/alertservices.go:241.9,243.20 3 0
github.com/messagedigest-net/gh-advanced-security/services/alertservices.go:245.5,245.23 1 0
github.com/messagedigest-net/gh-advanced-security/services/alertservices.go:249.87,253.9 3 0
github.com/messagedigest-net/gh-advanced-security/services/alertservices.go:253.9,256.23 3 0
github.com/messagedigest-net/gh-advanced-security/services/alertservices.go:256.23,258.10 1 0
github.com/messagedigest-net/gh-advanced-security/services/alertservices.go:259.9,260.26 2 0
github.com/messagedigest-net/gh-advanced-security/services/alertservices.go:260.26,261.18 1 0
github.com/messagedigest-net/gh-advanced-security/services/alertservices.go:263.9,263.23 1 0
github.com/messagedigest-net/gh-advanced-security/services/alertservices.go:265.5,265.26 1 0
github.com/messagedigest-net/gh-advanced-security/services/alertservices.go:269.103,273.9 3 0
github.com/messagedigest-net/gh-advanced-security/services/alertservices.go:273.9,276.23 3 0
github.com/messagedigest-net/gh-advanced-security/services/alertservices.go:276.23,278.10 1 0
github.com/messagedigest-net/gh-advanced-security/services/alertservices.go:279.9,280.26 2 0
github.com/messagedigest-net/gh-advanced-security/services/alertservices.go:280.26,281.18 1 0
github.com/messagedigest-net/gh-advanced-security/services/alertservices.go:283.9,283.23 1 0
github.com/messagedigest-net/gh-advanced-security/services/alertservices.go:285.5,285.26 1 0
github.com/messagedigest-net/gh-advanced-security/services/config.go:12.19,15.16 2 0
github.com/messagedigest-net/gh-advanced-security/services/config.go:15.16,18.3 2 0
github.com/messagedigest-net/gh-advanced-security/services/config.go:21.2,38.45 9 0
github.com/messagedigest-net/gh-advanced-security/services/config.go:38.46,40.3 0 0
github.com/messagedigest-net/gh-advanced-security/services/config.go:44.29,46.2 1 0
github.com/messagedigest-net/gh-advanced-security/services/core.go:17.13,19.2 1 1
github.com/messagedigest-net/gh-advanced-security/services/core.go:21.23,24.16 3 1
github.com/messagedigest-net/gh-advanced-security/services/core.go:24.16,27.3 2 0
github.com/messagedigest-net/gh-advanced-security/services/core.go:31.43,33.16 2 0
github.com/messagedigest-net/gh-advanced-security/services/core.go:33.16,35.3 1 0
github.com/messagedigest-net/gh-advanced-security/services/core.go:38.2,40.12 3 0
github.com/messagedigest-net/gh-advanced-security/services/core.go:46.71,48.16 2 0
github.com/messagedigest-net/gh-advanced-security/services/core.go:48.16,50.3 1 0
github.com/messagedigest-net/gh-advanced-security/services/core.go:51.2,54.14 3 0
github.com/messagedigest-net/gh-advanced-security/services/core.go:54.14,56.3 1 0
github.com/messagedigest-net/gh-advanced-security/services/core.go:58.2,58.45 1 0
github.com/messagedigest-net/gh-advanced-security/services/core.go:58.45,60.3 1 0
github.com/messagedigest-net/gh-advanced-security/services/core.go:62.2,63.16 2 0
github.com/messagedigest-net/gh-advanced-security/services/core.go:63.16,65.3 1 0
github.com/messagedigest-net/gh-advanced-security/services/core.go:68.2,69.16 2 0
github.com/messagedigest-net/gh-advanced-security/services/core.go:69.16,71.3 1 0
github.com/messagedigest-net/gh-advanced-security/services/core.go:74.2,75.8 2 0
github.com/messagedigest-net/gh-advanced-security/services/core.go:75.8,77.27 2 0
github.com/messagedigest-net/gh-advanced-security/services/core.go:77.27,79.22 2 0
github.com/messagedigest-net/gh-advanced-security/services/core.go:79.22,82.30 2 0
github.com/messagedigest-net/gh-advanced-security/services/core.go:82.30,86.11 4 0
github.com/messagedigest-net/gh-advanced-security/services/core.go:92.2,92.18 1 0
github.com/messagedigest-net/gh-advanced-security/services/core.go:97.49,100.16 2 0
github.com/messagedigest-net/gh-advanced-security/services/core.go:100.16,102.3 1 0
github.com/messagedigest-net/gh-advanced-security/services/core.go:105.2,109.16 3 0
github.com/messagedigest-net/gh-advanced-security/services/core.go:109.16,111.3 1 0
github.com/messagedigest-net/gh-advanced-security/services/core.go:112.2,114.53 2 0
github.com/messagedigest-net/gh-advanced-security/services/core.go:114.53,116.3 1 0
github.com/messagedigest-net/gh-advanced-security/services/core.go:118.2,118.34 1 0
github.com/messagedigest-net/gh-advanced-security/services/dependencyservices.go:15.50,16.20 1 0
github.com/messagedigest-net/gh-advanced-security/services/dependencyservices.go:16.20,18.3 1 0
github.com/messagedigest-net/gh-advanced-security/services/dependencyservices.go:19.2,19.16 1 0
github.com/messagedigest-net/gh-advanced-security/services/dependencyservices.go:23.125,29.6 4 0
github.com/messagedigest-net/gh-advanced-security/services/dependencyservices.go:29.6,32.17 3 0
github.com/messagedigest-net/gh-advanced-security/services/dependencyservices.go:32.17,34.4 1 0
github.com/messagedigest-net/gh-advanced-security/services/dependencyservices.go:36.3,36.17 1 0
github.com/messagedigest-net/gh-advanced-security/services/dependencyservices.go:36.17,38.21 2 0
github.com/messagedigest-net/gh-advanced-security/services/dependencyservices.go:38.21,39.10 1 0
github.com/messagedigest-net/gh-advanced-security/services/dependencyservices.go:41.4,42.12 2 0
github.com/messagedigest-net/gh-advanced-security/services/dependencyservices.go:45.3,46.40 2 0
github.com/messagedigest-net/gh-advanced-security/services/dependencyservices.go:46.40,48.4 1 0
github.com/messagedigest-net/gh-advanced-security/services/dependencyservices.go:50.3,50.20 1 0
github.com/messagedigest-net/gh-advanced-security/services/dependencyservices.go:50.20,51.9 1 0
github.com/messagedigest-net/gh-advanced-security/services/dependencyservices.go:54.3,54.16 1 0
github.com/messagedigest-net/gh-advanced-security/services/dependencyservices.go:54.16,55.25 1 0
github.com/messagedigest-net/gh-advanced-security/services/dependencyservices.go:55.25,56.10 1 0
github.com/messagedigest-net/gh-advanced-security/services/dependencyservices.go:59.3,59.17 1 0
github.com/messagedigest-net/gh-advanced-security/services/dependencyservices.go:62.2,62.16 1 0
github.com/messagedigest-net/gh-advanced-security/services/dependencyservices.go:62.16,64.3 1 0
github.com/messagedigest-net/gh-advanced-security/services/dependencyservices.go:65.2,65.12 1 0
github.com/messagedigest-net/gh-advanced-security/services/dependencyservices.go:69.65,81.16 4 0
github.com/messagedigest-net/gh-advanced-security/services/dependencyservices.go:81.16,83.3 1 0
github.com/messagedigest-net/gh-advanced-security/services/dependencyservices.go:86.2,86.25 1 0
github.com/messagedigest-net/gh-advanced-security/services/dependencyservices.go:89.49,91.16 2 1
github.com/messagedigest-net/gh-advanced-security/services/dependencyservices.go:91.16,93.3 1 0
github.com/messagedigest-net/gh-advanced-security/services/dependencyservices.go:95.2,97.33 2 1
github.com/messagedigest-net/gh-advanced-security/services/dependencyservices.go:97.33,105.15 6 1
github.com/messagedigest-net/gh-advanced-security/services/dependencyservices.go:105.15,107.4 1 0
github.com/messagedigest-net/gh-advanced-security/services/dependencyservices.go:108.3,111.14 3 1
github.com/messagedigest-net/gh-advanced-security/services/dependencyservices.go:114.2,114.20 1 1
github.com/messagedigest-net/gh-advanced-security/services/dependencyservices.go:118.106,122.6 3 0
github.com/messagedigest-net/gh-advanced-security/services/dependencyservices.go:122.6,125.17 3 0
github.com/messagedigest-net/gh-advanced-security/services/dependencyservices.go:125.17,127.4 1 0
github.com/messagedigest-net/gh-advanced-security/services/dependencyservices.go:128.3,129.20 2 0
github.com/messagedigest-net/gh-advanced-security/services/dependencyservices.go:129.20,130.9 1 0
github.com/messagedigest-net/gh-advanced-security/services/dependencyservices.go:132.3,132.17 1 0
github.com/messagedigest-net/gh-advanced-security/services/dependencyservices.go:134.2,134.23 1 0
github.com/messagedigest-net/gh-advanced-security/services/enforcerservices-dependabot.go:11.77,19.16 3 0
github.com/messagedigest-net/gh-advanced-security/services/enforcerservices-dependabot.go:19.16,21.3 1 0
github.com/messagedigest-net/gh-advanced-security/services/enforcerservices-dependabot.go:22.2,24.28 2 0
github.com/messagedigest-net/gh-advanced-security/services/enforcerservices-dependabot.go:24.28,26.3 1 0
github.com/messagedigest-net/gh-advanced-security/services/enforcerservices-dependabot.go:27.2,27.34 1 0
github.com/messagedigest-net/gh-advanced-security/services/enforcerservices-dependabot.go:30.78,34.16 3 0
github.com/messagedigest-net/gh-advanced-security/services/enforcerservices-dependabot.go:34.16,36.3 1 0
github.com/messagedigest-net/gh-advanced-security/services/enforcerservices-dependabot.go:37.2,39.28 2 0
github.com/messagedigest-net/gh-advanced-security/services/enforcerservices-dependabot.go:39.28,41.3 1 0
github.com/messagedigest-net/gh-advanced-security/services/enforcerservices-dependabot.go:42.2,42.34 1 0
github.com/messagedigest-net/gh-advanced-security/services/enforcerservices-dependabot.go:46.86,56.2 3 0
github.com/messagedigest-net/gh-advanced-security/services/enforcerservices-dependabot.go:58.87,66.2 3 0
github.com/messagedigest-net/gh-advanced-security/services/enforcerservices-dependabot.go:69.67,73.87 2 0
github.com/messagedigest-net/gh-advanced-security/services/enforcerservices-dependabot.go:73.87,75.3 1 0
github.com/messagedigest-net/gh-advanced-security/services/enforcerservices-dependabot.go:76.2,76.88 1 0
github.com/messagedigest-net/gh-advanced-security/services/enforcerservices-dependabot.go:76.88,78.3 1 0
github.com/messagedigest-net/gh-advanced-security/services/enforcerservices-dependabot.go:79.2,79.98 1 0
github.com/messagedigest-net/gh-advanced-security/services/enforcerservices-dependabot.go:79.98,81.3 1 0
github.com/messagedigest-net/gh-advanced-security/services/enforcerservices-dependabot.go:82.2,90.59 3 0
github.com/messagedigest-net/gh-advanced-security/services/enforcerservices-dependabot.go:90.59,92.3 1 0
github.com/messagedigest-net/gh-advanced-security/services/enforcerservices-dependabot.go:93.2,95.12 2 0
github.com/messagedigest-net/gh-advanced-security/services/enforcerservices-dependabot.go:99.68,109.59 3 0
github.com/messagedigest-net/gh-advanced-security/services/enforcerservices-dependabot.go:109.59,111.3 1 0
github.com/messagedigest-net/gh-advanced-security/services/enforcerservices-dependabot.go:112.2,118.99 2 0
github.com/messagedigest-net/gh-advanced-security/services/enforcerservices-dependabot.go:118.99,120.3 1 0
github.com/messagedigest-net/gh-advanced-security/services/enforcerservices-dependabot.go:121.2,124.89 2 0
github.com/messagedigest-net/gh-advanced-security/services/enforcerservices-dependabot.go:124.89,126.3 1 0
github.com/messagedigest-net/gh-advanced-security/services/enforcerservices-dependabot.go:127.2,130.88 2 0
github.com/messagedigest-net/gh-advanced-security/services/enforcerservices-dependabot.go:130.88,132.3 1 0
github.com/messagedigest-net/gh-advanced-security/services/enforcerservices-dependabot.go:133.2,135.12 2 0
github.com/messagedigest-net/gh-advanced-security/services/enforcerservices-pushprotection.go:10.75,29.2 3 0
github.com/messagedigest-net/gh-advanced-security/services/enforcerservices-pushprotection.go:31.76,39.2 3 0
github.com/messagedigest-net/gh-advanced-security/services/enforcerservices-pushprotection.go:42.71,47.86 3 0
github.com/messagedigest-net/gh-advanced-security/services/enforcerservices-pushprotection.go:47.86,49.3 1 0
github.com/messagedigest-net/gh-advanced-security/services/enforcerservices-pushprotection.go:50.2,50.102 1 0
github.com/messagedigest-net/gh-advanced-security/services/enforcerservices-pushprotection.go:50.102,52.3 1 0
github.com/messagedigest-net/gh-advanced-security/services/enforcerservices-pushprotection.go:56.2,60.59 2 0
github.com/messagedigest-net/gh-advanced-security/services/enforcerservices-pushprotection.go:60.59,62.3 1 0
github.com/messagedigest-net/gh-advanced-security/services/enforcerservices-pushprotection.go:63.2,65.12 2 0
github.com/messagedigest-net/gh-advanced-security/services/enforcerservices-pushprotection.go:69.72,77.59 3 0
github.com/messagedigest-net/gh-advanced-security/services/enforcerservices-pushprotection.go:77.59,79.3 1 0
github.com/messagedigest-net/gh-advanced-security/services/enforcerservices-pushprotection.go:80.2,84.103 2 0
github.com/messagedigest-net/gh-advanced-security/services/enforcerservices-pushprotection.go:84.103,86.3 1 0
github.com/messagedigest-net/gh-advanced-security/services/enforcerservices-pushprotection.go:87.2,89.12 2 0
github.com/messagedigest-net/gh-advanced-security/services/enforcerservices-secretscanning-npp.go:10.94,20.2 3 0
github.com/messagedigest-net/gh-advanced-security/services/enforcerservices-secretscanning-npp.go:22.95,30.2 3 0
github.com/messagedigest-net/gh-advanced-security/services/enforcerservices-secretscanning.go:10.75,21.2 3 0
github.com/messagedigest-net/gh-advanced-security/services/enforcerservices-secretscanning.go:23.76,31.2 3 0
github.com/messagedigest-net/gh-advanced-security/services/enforcerservices-secretscanning.go:34.71,38.86 2 0
github.com/messagedigest-net/gh-advanced-security/services/enforcerservices-secretscanning.go:38.86,40.3 1 0
github.com/messagedigest-net/gh-advanced-security/services/enforcerservices-secretscanning.go:41.2,47.59 3 0
github.com/messagedigest-net/gh-advanced-security/services/enforcerservices-secretscanning.go:47.59,49.3 1 0
github.com/messagedigest-net/gh-advanced-security/services/enforcerservices-secretscanning.go:50.2,52.12 2 0
github.com/messagedigest-net/gh-advanced-security/services/enforcerservices-secretscanning.go:56.72,65.59 3 0
github.com/messagedigest-net/gh-advanced-security/services/enforcerservices-secretscanning.go:65.59,67.3 1 0
github.com/messagedigest-net/gh-advanced-security/services/enforcerservices-secretscanning.go:68.2,72.103 2 0
github.com/messagedigest-net/gh-advanced-security/services/enforcerservices-secretscanning.go:72.103,74.3 1 0
github.com/messagedigest-net/gh-advanced-security/services/enforcerservices-secretscanning.go:76.2,76.87 1 0
github.com/messagedigest-net/gh-advanced-security/services/enforcerservices-secretscanning.go:76.87,78.3 1 0
github.com/messagedigest-net/gh-advanced-security/services/enforcerservices-secretscanning.go:80.2,80.12 1 0
github.com/messagedigest-net/gh-advanced-security/services/enforcerservices.go:14.46,15.25 1 0
github.com/messagedigest-net/gh-advanced-security/services/enforcerservices.go:15.25,17.3 1 0
github.com/messagedigest-net/gh-advanced-security/services/enforcerservices.go:18.2,18.21 1 0
github.com/messagedigest-net/gh-advanced-security/services/enforcerservices.go:25.84,31.16 3 0
github.com/messagedigest-net/gh-advanced-security/services/enforcerservices.go:31.16,33.3 1 0
github.com/messagedigest-net/gh-advanced-security/services/enforcerservices.go:34.2,36.53 2 0
github.com/messagedigest-net/gh-advanced-security/services/enforcerservices.go:36.53,38.3 1 0
github.com/messagedigest-net/gh-advanced-security/services/enforcerservices.go:41.2,42.94 2 0
github.com/messagedigest-net/gh-advanced-security/services/enforcerservices.go:46.97,50.2 2 0
github.com/messagedigest-net/gh-advanced-security/services/enforcerservices.go:53.28,55.2 1 0
github.com/messagedigest-net/gh-advanced-security/services/flags.go:20.44,30.2 8 0
github.com/messagedigest-net/gh-advanced-security/services/flags.go:34.82,35.21 1 0
github.com/messagedigest-net/gh-advanced-security/services/flags.go:35.21,37.17 2 0
github.com/messagedigest-net/gh-advanced-security/services/flags.go:37.17,39.4 1 0
github.com/messagedigest-net/gh-advanced-security/services/flags.go:41.2,41.20 1 0
github.com/messagedigest-net/gh-advanced-security/services/flags.go:44.36,46.2 1 0
github.com/messagedigest-net/gh-advanced-security/services/organizationservices.go:16.54,17.20 1 0
github.com/messagedigest-net/gh-advanced-security/services/organizationservices.go:17.20,19.3 1 0
github.com/messagedigest-net/gh-advanced-security/services/organizationservices.go:21.2,21.16 1 0
github.com/messagedigest-net/gh-advanced-security/services/organizationservices.go:24.78,29.2 4 0
github.com/messagedigest-net/gh-advanced-security/services/organizationservices.go:31.47,34.2 2 0
github.com/messagedigest-net/gh-advanced-security/services/organizationservices.go:37.93,43.6 4 0
github.com/messagedigest-net/gh-advanced-security/services/organizationservices.go:43.6,46.17 3 0
github.com/messagedigest-net/gh-advanced-security/services/organizationservices.go:46.17,48.4 1 0
github.com/messagedigest-net/gh-advanced-security/services/organizationservices.go:50.3,52.17 2 0
github.com/messagedigest-net/gh-advanced-security/services/organizationservices.go:52.17,54.21 2 0
github.com/messagedigest-net/gh-advanced-security/services/organizationservices.go:54.21,55.10 1 0
github.com/messagedigest-net/gh-advanced-security/services/organizationservices.go:57.4,58.12 2 0
github.com/messagedigest-net/gh-advanced-security/services/organizationservices.go:61.3,62.43 2 0
github.com/messagedigest-net/gh-advanced-security/services/organizationservices.go:62.43,64.4 1 0
github.com/messagedigest-net/gh-advanced-security/services/organizationservices.go:66.3,66.20 1 0
github.com/messagedigest-net/gh-advanced-security/services/organizationservices.go:66.20,67.9 1 0
github.com/messagedigest-net/gh-advanced-security/services/organizationservices.go:71.3,71.16 1 0
github.com/messagedigest-net/gh-advanced-security/services/organizationservices.go:71.16,72.25 1 0
github.com/messagedigest-net/gh-advanced-security/services/organizationservices.go:72.25,73.10 1 0
github.com/messagedigest-net/gh-advanced-security/services/organizationservices.go:77.3,77.17 1 0
github.com/messagedigest-net/gh-advanced-security/services/organizationservices.go:80.2,80.16 1 0
github.com/messagedigest-net/gh-advanced-security/services/organizationservices.go:80.16,82.3 1 0
github.com/messagedigest-net/gh-advanced-security/services/organizationservices.go:84.2,85.12 2 0
github.com/messagedigest-net/gh-advanced-security/services/organizationservices.go:89.107,98.39 5 0
github.com/messagedigest-net/gh-advanced-security/services/organizationservices.go:98.39,100.35 2 0
github.com/messagedigest-net/gh-advanced-security/services/organizationservices.go:100.35,103.17 3 0
github.com/messagedigest-net/gh-advanced-security/services/organizationservices.go:103.17,103.32 1 0
github.com/messagedigest-net/gh-advanced-security/services/organizationservices.go:106.4,109.18 3 0
github.com/messagedigest-net/gh-advanced-security/services/organizationservices.go:109.18,111.5 1 0
github.com/messagedigest-net/gh-advanced-security/services/organizationservices.go:111.10,115.5 1 0
github.com/messagedigest-net/gh-advanced-security/services/organizationservices.go:116.4,116.15 1 0
github.com/messagedigest-net/gh-advanced-security/services/organizationservices.go:120.2,121.16 2 0
github.com/messagedigest-net/gh-advanced-security/services/organizationservices.go:125.54,127.16 2 1
github.com/messagedigest-net/gh-advanced-security/services/organizationservices.go:127.16,129.3 1 0
github.com/messagedigest-net/gh-advanced-security/services/organizationservices.go:131.2,142.36 2 1
github.com/messagedigest-net/gh-advanced-security/services/organizationservices.go:142.36,152.3 9 1
github.com/messagedigest-net/gh-advanced-security/services/organizationservices.go:153.2,153.30 1 1
github.com/messagedigest-net/gh-advanced-security/services/organizationservices.go:156.67,158.16 2 0
github.com/messagedigest-net/gh-advanced-security/services/organizationservices.go:158.16,160.3 1 0
github.com/messagedigest-net/gh-advanced-security/services/organizationservices.go:161.2,161.10 1 0
github.com/messagedigest-net/gh-advanced-security/services/organizationservices.go:161.10,163.3 1 0
github.com/messagedigest-net/gh-advanced-security/services/organizationservices.go:165.2,166.16 2 0
github.com/messagedigest-net/gh-advanced-security/services/organizationservices.go:166.16,168.3 1 0
github.com/messagedigest-net/gh-advanced-security/services/organizationservices.go:170.2,203.30 33 0
github.com/messagedigest-net/gh-advanced-security/services/reposervices.go:18.50,19.21 1 0
github.com/messagedigest-net/gh-advanced-security/services/reposervices.go:19.21,21.3 1 0
github.com/messagedigest-net/gh-advanced-security/services/reposervices.go:22.2,22.17 1 0
github.com/messagedigest-net/gh-advanced-security/services/reposervices.go:25.74,30.2 4 0
github.com/messagedigest-net/gh-advanced-security/services/reposervices.go:34.85,40.6 3 0
github.com/messagedigest-net/gh-advanced-security/services/reposervices.go:40.6,43.17 3 0
github.com/messagedigest-net/gh-advanced-security/services/reposervices.go:43.17,45.4 1 0
github.com/messagedigest-net/gh-advanced-security/services/reposervices.go:47.3,49.20 2 0
github.com/messagedigest-net/gh-advanced-security/services/reposervices.go:49.20,50.9 1 0
github.com/messagedigest-net/gh-advanced-security/services/reposervices.go:52.3,52.17 1 0
github.com/messagedigest-net/gh-advanced-security/services/reposervices.go:55.2,55.22 1 0
github.com/messagedigest-net/gh-advanced-security/services/reposervices.go:60.117,64.10 3 0
github.com/messagedigest-net/gh-advanced-security/services/reposervices.go:64.10,66.3 1 0
github.com/messagedigest-net/gh-advanced-security/services/reposervices.go:67.2,71.6 3 0
github.com/messagedigest-net/gh-advanced-security/services/reposervices.go:71.6,74.17 3 0
github.com/messagedigest-net/gh-advanced-security/services/reposervices.go:74.17,76.4 1 0
github.com/messagedigest-net/gh-advanced-security/services/reposervices.go:79.3,79.17 1 0
github.com/messagedigest-net/gh-advanced-security/services/reposervices.go:79.17,81.21 2 0
github.com/messagedigest-net/gh-advanced-security/services/reposervices.go:81.21,82.10 1 0
github.com/messagedigest-net/gh-advanced-security/services/reposervices.go:84.4,85.12 2 0
github.com/messagedigest-net/gh-advanced-security/services/reposervices.go:89.3,90.44 2 0
github.com/messagedigest-net/gh-advanced-security/services/reposervices.go:90.44,92.4 1 0
github.com/messagedigest-net/gh-advanced-security/services/reposervices.go:94.3,94.20 1 0
github.com/messagedigest-net/gh-advanced-security/services/reposervices.go:94.20,95.9 1 0
github.com/messagedigest-net/gh-advanced-security/services/reposervices.go:99.3,99.16 1 0
github.com/messagedigest-net/gh-advanced-security/services/reposervices.go:99.16,100.25 1 0
github.com/messagedigest-net/gh-advanced-security/services/reposervices.go:100.25,101.10 1 0
github.com/messagedigest-net/gh-advanced-security/services/reposervices.go:105.3,105.17 1 0
github.com/messagedigest-net/gh-advanced-security/services/reposervices.go:108.2,108.16 1 0
github.com/messagedigest-net/gh-advanced-security/services/reposervices.go:108.16,110.3 1 0
github.com/messagedigest-net/gh-advanced-security/services/reposervices.go:111.2,111.12 1 0
github.com/messagedigest-net/gh-advanced-security/services/reposervices.go:115.53,117.16 2 1
github.com/messagedigest-net/gh-advanced-security/services/reposervices.go:117.16,119.3 1 0
github.com/messagedigest-net/gh-advanced-security/services/reposervices.go:121.2,138.38 2 1
github.com/messagedigest-net/gh-advanced-security/services/reposervices.go:138.38,147.61 7 1
github.com/messagedigest-net/gh-advanced-security/services/reposervices.go:147.61,149.4 1 1
github.com/messagedigest-net/gh-advanced-security/services/reposervices.go:150.3,150.59 1 1
github.com/messagedigest-net/gh-advanced-security/services/reposervices.go:150.59,152.4 1 1
github.com/messagedigest-net/gh-advanced-security/services/reposervices.go:153.3,153.78 1 1
github.com/messagedigest-net/gh-advanced-security/services/reposervices.go:153.78,155.4 1 1
github.com/messagedigest-net/gh-advanced-security/services/reposervices.go:156.3,156.73 1 1
github.com/messagedigest-net/gh-advanced-security/services/reposervices.go:156.73,158.4 1 1
github.com/messagedigest-net/gh-advanced-security/services/reposervices.go:159.3,159.73 1 1
github.com/messagedigest-net/gh-advanced-security/services/reposervices.go:159.73,161.4 1 1
github.com/messagedigest-net/gh-advanced-security/services/reposervices.go:162.3,162.70 1 1
github.com/messagedigest-net/gh-advanced-security/services/reposervices.go:162.70,164.4 1 1
github.com/messagedigest-net/gh-advanced-security/services/reposervices.go:166.3,180.24 15 1
github.com/messagedigest-net/gh-advanced-security/services/reposervices.go:183.2,183.30 1 1
github.com/messagedigest-net/gh-advanced-security/services/reposervices.go:187.71,189.16 2 0
github.com/messagedigest-net/gh-advanced-security/services/reposervices.go:189.16,191.3 1 0
github.com/messagedigest-net/gh-advanced-security/services/reposervices.go:193.2,193.16 1 0
github.com/messagedigest-net/gh-advanced-security/services/reposervices.go:193.16,195.3 1 0
github.com/messagedigest-net/gh-advanced-security/services/reposervices.go:197.2,198.16 2 0
github.com/messagedigest-net/gh-advanced-security/services/reposervices.go:198.16,200.3 1 0
github.com/messagedigest-net/gh-advanced-security/services/reposervices.go:202.2,221.43 13 0
github.com/messagedigest-net/gh-advanced-security/services/reposervices.go:221.43,222.19 1 0
github.com/messagedigest-net/gh-advanced-security/services/reposervices.go:222.19,224.4 1 0
github.com/messagedigest-net/gh-advanced-security/services/reposervices.go:225.3,225.16 1 0
github.com/messagedigest-net/gh-advanced-security/services/reposervices.go:228.2,252.30 19 0
github.com/messagedigest-net/gh-advanced-security/services/reposervices_test_helpers.go:13.53,15.19 2 1
github.com/messagedigest-net/gh-advanced-security/services/reposervices_test_helpers.go:15.19,17.6 1 0
github.com/messagedigest-net/gh-advanced-security/services/reposervices_test_helpers.go:19.5,35.46 13 1
github.com/messagedigest-net/gh-advanced-security/services/reposervices_test_helpers.go:35.46,36.25 1 1
github.com/messagedigest-net/gh-advanced-security/services/reposervices_test_helpers.go:36.25,38.10 1 1
github.com/messagedigest-net/gh-advanced-security/services/reposervices_test_helpers.go:39.9,39.22 1 1
github.com/messagedigest-net/gh-advanced-security/services/reposervices_test_helpers.go:42.5,66.33 19 1
github.com/messagedigest-net/gh-advanced-security/services/terminal.go:28.31,29.21 1 1
github.com/messagedigest-net/gh-advanced-security/services/terminal.go:29.21,32.3 2 1
github.com/messagedigest-net/gh-advanced-security/services/terminal.go:34.2,34.17 1 1
github.com/messagedigest-net/gh-advanced-security/services/terminal.go:37.37,39.19 1 0
github.com/messagedigest-net/gh-advanced-security/services/terminal.go:39.19,44.10 3 0
github.com/messagedigest-net/gh-advanced-security/services/terminal.go:44.10,46.4 1 0
github.com/messagedigest-net/gh-advanced-security/services/terminal.go:47.3,48.10 2 0
github.com/messagedigest-net/gh-advanced-security/services/terminal.go:48.10,50.4 1 0
github.com/messagedigest-net/gh-advanced-security/services/terminal.go:51.3,52.10 2 0
github.com/messagedigest-net/gh-advanced-security/services/terminal.go:52.10,54.4 1 0
github.com/messagedigest-net/gh-advanced-security/services/terminal.go:56.3,56.41 1 0
github.com/messagedigest-net/gh-advanced-security/services/terminal.go:59.2,59.15 1 0
github.com/messagedigest-net/gh-advanced-security/services/terminal.go:62.59,63.29 1 1
github.com/messagedigest-net/gh-advanced-security/services/terminal.go:63.29,64.39 1 1
github.com/messagedigest-net/gh-advanced-security/services/terminal.go:64.39,66.4 1 1
github.com/messagedigest-net/gh-advanced-security/services/terminal.go:69.2,71.16 3 0
github.com/messagedigest-net/gh-advanced-security/services/terminal.go:71.16,73.3 1 0
github.com/messagedigest-net/gh-advanced-security/services/terminal.go:74.2,75.16 2 0
github.com/messagedigest-net/gh-advanced-security/services/terminal.go:78.39,79.7 1 1
github.com/messagedigest-net/gh-advanced-security/services/terminal.go:79.7,81.3 1 1
github.com/messagedigest-net/gh-advanced-security/services/terminal.go:82.2,82.19 1 1
github.com/messagedigest-net/gh-advanced-security/services/terminal.go:85.84,91.28 3 0
github.com/messagedigest-net/gh-advanced-security/services/terminal.go:91.28,92.53 1 0
github.com/messagedigest-net/gh-advanced-security/services/terminal.go:92.53,93.12 1 0
github.com/messagedigest-net/gh-advanced-security/services/terminal.go:95.3,95.28 1 0
github.com/messagedigest-net/gh-advanced-security/services/terminal.go:98.2,103.16 4 0
github.com/messagedigest-net/gh-advanced-security/services/terminal.go:103.16,105.3 1 0
github.com/messagedigest-net/gh-advanced-security/services/terminal.go:106.2,107.54 2 0
github.com/messagedigest-net/gh-advanced-security/services/terminal.go:112.90,116.19 3 0
github.com/messagedigest-net/gh-advanced-security/services/terminal.go:116.19,119.39 3 0
github.com/messagedigest-net/gh-advanced-security/services/terminal.go:119.39,122.4 2 0
github.com/messagedigest-net/gh-advanced-security/services/terminal.go:124.3,127.17 3 0
github.com/messagedigest-net/gh-advanced-security/services/terminal.go:127.17,130.4 2 0
github.com/messagedigest-net/gh-advanced-security/services/terminal.go:131.3,131.20 1 0
github.com/messagedigest-net/gh-advanced-security/services/terminal.go:132.8,135.3 2 0
github.com/messagedigest-net/gh-advanced-security/services/terminal.go:137.2,137.22 1 0
github.com/messagedigest-net/gh-advanced-security/services/terminal.go:141.43,145.18 2 0
github.com/messagedigest-net/gh-advanced-security/services/terminal.go:145.18,146.24 1 0
github.com/messagedigest-net/gh-advanced-security/services/terminal.go:146.24,148.4 1 0
github.com/messagedigest-net/gh-advanced-security/services/terminal.go:149.3,149.18 1 0
github.com/messagedigest-net/gh-advanced-security/services/terminal.go:153.2,155.16 3 0
github.com/messagedigest-net/gh-advanced-security/services/terminal.go:155.16,158.3 1 0
github.com/messagedigest-net/gh-advanced-security/services/terminal.go:161.2,164.19 2 0
github.com/messagedigest-net/gh-advanced-security/services/terminal.go:164.19,166.3 1 0
github.com/messagedigest-net/gh-advanced-security/services/terminal.go:167.2,167.14 1 0
github.com/messagedigest-net/gh-advanced-security/services/terminal.go:167.14,169.3 1 0
github.com/messagedigest-net/gh-advanced-security/services/terminal.go:171.2,171.13 1 0
github.com/messagedigest-net/gh-advanced-security/services/terminal.go:175.46,177.25 2 1
github.com/messagedigest-net/gh-advanced-security/services/terminal.go:177.25,179.3 1 1
github.com/messagedigest-net/gh-advanced-security/services/terminal.go:180.2,180.58 1 0
github.com/messagedigest-net/gh-advanced-security/services/terminal.go:184.42,185.15 1 1
github.com/messagedigest-net/gh-advanced-security/services/terminal.go:185.15,187.3 1 1
github.com/messagedigest-net/gh-advanced-security/services/terminal.go:189.2,190.11 2 1
github.com/messagedigest-net/gh-advanced-security/services/terminal.go:191.23,192.53 1 1
github.com/messagedigest-net/gh-advanced-security/services/terminal.go:193.27,194.52 1 1
github.com/messagedigest-net/gh-advanced-security/services/terminal.go:195.29,196.52 1 1
github.com/messagedigest-net/gh-advanced-security/services/terminal.go:197.10,198.28 1 0
github.com/messagedigest-net/gh-advanced-security/services/terminal.go:203.40,204.17 1 1
github.com/messagedigest-net/gh-advanced-security/services/terminal.go:204.17,206.3 1 0
github.com/messagedigest-net/gh-advanced-security/services/terminal.go:208.2,209.11 2 1
github.com/messagedigest-net/gh-advanced-security/services/terminal.go:210.14,211.42 1 1
github.com/messagedigest-net/gh-advanced-security/services/terminal.go:212.41,213.42 1 1
github.com/messagedigest-net/gh-advanced-security/services/terminal.go:214.15,215.42 1 1
github.com/messagedigest-net/gh-advanced-security/services/terminal.go:216.10,217.26 1 0
github.com/messagedigest-net/gh-advanced-security/services/terminal_test_helpers.go:15.66,16.65 1 1
github.com/messagedigest-net/gh-advanced-security/services/terminal_test_helpers.go:16.65,18.6 1 1
github.com/messagedigest-net/gh-advanced-security/services/terminal_test_helpers.go:22.26,24.2 1 1
github.com/messagedigest-net/gh-advanced-security/services/util.go:11.51,11.75 1 0
github.com/messagedigest-net/gh-advanced-security/services/util.go:12.51,12.101 1 0
github.com/messagedigest-net/gh-advanced-security/services/util.go:13.51,13.106 1 0
github.com/messagedigest-net/gh-advanced-security/services/util.go:16.28,22.16 3 0
github.com/messagedigest-net/gh-advanced-security/services/util.go:22.16,24.3 1 0
github.com/messagedigest-net/gh-advanced-security/services/util.go:27.2,27.53 1 0
github.com/messagedigest-net/gh-advanced-security/services/util.go:27.53,29.3 1 0
github.com/messagedigest-net/gh-advanced-security/services/util.go:31.2,31.13 1 0
github.com/messagedigest-net/gh-advanced-security/cmd/dependency-graph.go:16.47,18.3 1 0
github.com/messagedigest-net/gh-advanced-security/cmd/dependency-graph.go:26.47,33.17 5 0
github.com/messagedigest-net/gh-advanced-security/cmd/dependency-graph.go:33.17,36.4 2 0
github.com/messagedigest-net/gh-advanced-security/cmd/dependency-graph.go:44.47,51.17 5 0
github.com/messagedigest-net/gh-advanced-security/cmd/dependency-graph.go:51.17,54.4 2 0
github.com/messagedigest-net/gh-advanced-security/cmd/dependency-graph.go:58.13,62.2 3 0
github.com/messagedigest-net/gh-advanced-security/cmd/disable.go:16.47,18.3 1 0
github.com/messagedigest-net/gh-advanced-security/cmd/disable.go:26.47,30.36 3 0
github.com/messagedigest-net/gh-advanced-security/cmd/disable.go:30.36,34.65 4 0
github.com/messagedigest-net/gh-advanced-security/cmd/disable.go:34.65,37.5 2 0
github.com/messagedigest-net/gh-advanced-security/cmd/disable.go:38.4,38.27 1 0
github.com/messagedigest-net/gh-advanced-security/cmd/disable.go:39.9,40.58 1 0
github.com/messagedigest-net/gh-advanced-security/cmd/disable.go:40.58,42.5 1 0
github.com/messagedigest-net/gh-advanced-security/cmd/disable.go:52.47,56.36 3 0
github.com/messagedigest-net/gh-advanced-security/cmd/disable.go:56.36,60.65 4 0
github.com/messagedigest-net/gh-advanced-security/cmd/disable.go:60.65,63.5 2 0
github.com/messagedigest-net/gh-advanced-security/cmd/disable.go:64.4,64.27 1 0
github.com/messagedigest-net/gh-advanced-security/cmd/disable.go:65.9,66.58 1 0
github.com/messagedigest-net/gh-advanced-security/cmd/disable.go:66.58,68.5 1 0
github.com/messagedigest-net/gh-advanced-security/cmd/disable.go:78.47,82.36 3 0
github.com/messagedigest-net/gh-advanced-security/cmd/disable.go:82.36,86.84 4 0
github.com/messagedigest-net/gh-advanced-security/cmd/disable.go:86.84,89.5 2 0
github.com/messagedigest-net/gh-advanced-security/cmd/disable.go:90.4,90.27 1 0
github.com/messagedigest-net/gh-advanced-security/cmd/disable.go:91.9,94.4 2 0
github.com/messagedigest-net/gh-advanced-security/cmd/disable.go:103.47,107.36 3 0
github.com/messagedigest-net/gh-advanced-security/cmd/disable.go:107.36,115.67 5 0
github.com/messagedigest-net/gh-advanced-security/cmd/disable.go:115.67,118.5 2 0
github.com/messagedigest-net/gh-advanced-security/cmd/disable.go:119.4,119.57 1 0
github.com/messagedigest-net/gh-advanced-security/cmd/disable.go:120.9,121.78 1 0
github.com/messagedigest-net/gh-advanced-security/cmd/disable.go:121.78,123.5 1 0
github.com/messagedigest-net/gh-advanced-security/cmd/disable.go:129.65,134.38 5 0
github.com/messagedigest-net/gh-advanced-security/cmd/disable.go:134.38,137.3 2 0
github.com/messagedigest-net/gh-advanced-security/cmd/disable.go:138.2,138.33 1 0
github.com/messagedigest-net/gh-advanced-security/cmd/disable.go:138.33,141.3 2 0
github.com/messagedigest-net/gh-advanced-security/cmd/disable.go:142.2,142.65 1 0
github.com/messagedigest-net/gh-advanced-security/cmd/disable.go:145.13,151.2 5 0
github.com/messagedigest-net/gh-advanced-security/cmd/enable.go:17.47,19.3 1 0
github.com/messagedigest-net/gh-advanced-security/cmd/enable.go:33.47,38.36 3 0
github.com/messagedigest-net/gh-advanced-security/cmd/enable.go:38.36,45.18 5 0
github.com/messagedigest-net/gh-advanced-security/cmd/enable.go:45.18,48.5 2 0
github.com/messagedigest-net/gh-advanced-security/cmd/enable.go:49.4,49.27 1 0
github.com/messagedigest-net/gh-advanced-security/cmd/enable.go:50.9,53.18 2 0
github.com/messagedigest-net/gh-advanced-security/cmd/enable.go:53.18,56.5 2 0
github.com/messagedigest-net/gh-advanced-security/cmd/enable.go:72.47,77.36 3 0
github.com/messagedigest-net/gh-advanced-security/cmd/enable.go:77.36,84.18 5 0
github.com/messagedigest-net/gh-advanced-security/cmd/enable.go:84.18,87.5 2 0
github.com/messagedigest-net/gh-advanced-security/cmd/enable.go:88.4,88.27 1 0
github.com/messagedigest-net/gh-advanced-security/cmd/enable.go:89.9,92.18 2 0
github.com/messagedigest-net/gh-advanced-security/cmd/enable.go:92.18,95.5 2 0
github.com/messagedigest-net/gh-advanced-security/cmd/enable.go:108.47,113.36 3 0
github.com/messagedigest-net/gh-advanced-security/cmd/enable.go:113.36,120.18 5 0
github.com/messagedigest-net/gh-advanced-security/cmd/enable.go:120.18,123.5 2 0
github.com/messagedigest-net/gh-advanced-security/cmd/enable.go:124.4,124.27 1 0
github.com/messagedigest-net/gh-advanced-security/cmd/enable.go:125.9,129.4 2 0
github.com/messagedigest-net/gh-advanced-security/cmd/enable.go:144.47,149.36 3 0
github.com/messagedigest-net/gh-advanced-security/cmd/enable.go:149.36,157.66 4 0
github.com/messagedigest-net/gh-advanced-security/cmd/enable.go:157.66,160.5 2 0
github.com/messagedigest-net/gh-advanced-security/cmd/enable.go:163.4,163.75 1 0
github.com/messagedigest-net/gh-advanced-security/cmd/enable.go:163.75,166.5 2 0
github.com/messagedigest-net/gh-advanced-security/cmd/enable.go:167.4,167.75 1 0
github.com/messagedigest-net/gh-advanced-security/cmd/enable.go:169.9,172.18 2 0
github.com/messagedigest-net/gh-advanced-security/cmd/enable.go:172.18,175.5 2 0
github.com/messagedigest-net/gh-advanced-security/cmd/enable.go:180.13,186.2 5 0
github.com/messagedigest-net/gh-advanced-security/cmd/list-alerts.go:18.47,21.3 1 0
github.com/messagedigest-net/gh-advanced-security/cmd/list-alerts.go:30.47,39.17 5 0
github.com/messagedigest-net/gh-advanced-security/cmd/list-alerts.go:39.17,42.4 2 0
github.com/messagedigest-net/gh-advanced-security/cmd/list-alerts.go:52.47,59.17 5 0
github.com/messagedigest-net/gh-advanced-security/cmd/list-alerts.go:59.17,62.4 2 0
github.com/messagedigest-net/gh-advanced-security/cmd/list-alerts.go:67.47,69.21 2 0
github.com/messagedigest-net/gh-advanced-security/cmd/list-alerts.go:69.21,72.3 2 0
github.com/messagedigest-net/gh-advanced-security/cmd/list-alerts.go:73.2,73.27 1 0
github.com/messagedigest-net/gh-advanced-security/cmd/list-alerts.go:82.47,89.17 5 0
github.com/messagedigest-net/gh-advanced-security/cmd/list-alerts.go:89.17,92.4 2 0
github.com/messagedigest-net/gh-advanced-security/cmd/list-alerts.go:101.47,112.17 5 0
github.com/messagedigest-net/gh-advanced-security/cmd/list-alerts.go:112.17,115.4 2 0
github.com/messagedigest-net/gh-advanced-security/cmd/list-alerts.go:119.13,126.2 5 0
github.com/messagedigest-net/gh-advanced-security/cmd/list-organizations.go:28.47,33.17 4 0
github.com/messagedigest-net/gh-advanced-security/cmd/list-organizations.go:33.17,36.4 2 0
github.com/messagedigest-net/gh-advanced-security/cmd/list-organizations.go:40.13,42.2 1 0
github.com/messagedigest-net/gh-advanced-security/cmd/list-repositories.go:20.47,29.17 6 0
github.com/messagedigest-net/gh-advanced-security/cmd/list-repositories.go:29.17,32.4 2 0
github.com/messagedigest-net/gh-advanced-security/cmd/list-repositories.go:36.13,38.2 1 0
github.com/messagedigest-net/gh-advanced-security/cmd/list.go:8.13,10.2 1 0
github.com/messagedigest-net/gh-advanced-security/cmd/list.go:18.47,20.3 1 0
github.com/messagedigest-net/gh-advanced-security/cmd/report.go:18.47,20.3 1 0
github.com/messagedigest-net/gh-advanced-security/cmd/report.go:26.47,28.3 1 0
github.com/messagedigest-net/gh-advanced-security/cmd/report.go:34.47,36.3 1 0
github.com/messagedigest-net/gh-advanced-security/cmd/report.go:43.47,45.3 1 0
github.com/messagedigest-net/gh-advanced-security/cmd/report.go:49.75,55.16 5 0
github.com/messagedigest-net/gh-advanced-security/cmd/report.go:55.16,58.3 2 0
github.com/messagedigest-net/gh-advanced-security/cmd/report.go:60.2,65.16 4 0
github.com/messagedigest-net/gh-advanced-security/cmd/report.go:65.16,68.3 2 0
github.com/messagedigest-net/gh-advanced-security/cmd/report.go:69.2,74.20 4 0
github.com/messagedigest-net/gh-advanced-security/cmd/report.go:75.23,76.97 1 0
github.com/messagedigest-net/gh-advanced-security/cmd/report.go:77.25,78.108 1 0
github.com/messagedigest-net/gh-advanced-security/cmd/report.go:79.20,80.126 1 0
github.com/messagedigest-net/gh-advanced-security/cmd/report.go:84.2,89.29 5 0
github.com/messagedigest-net/gh-advanced-security/cmd/report.go:89.29,91.28 2 0
github.com/messagedigest-net/gh-advanced-security/cmd/report.go:91.28,94.17 3 0
github.com/messagedigest-net/gh-advanced-security/cmd/report.go:94.17,94.32 1 0
github.com/messagedigest-net/gh-advanced-security/cmd/report.go:97.4,97.37 1 0
github.com/messagedigest-net/gh-advanced-security/cmd/report.go:97.37,100.19 3 0
github.com/messagedigest-net/gh-advanced-security/cmd/report.go:100.19,101.31 1 0
github.com/messagedigest-net/gh-advanced-security/cmd/report.go:101.31,105.7 1 0
github.com/messagedigest-net/gh-advanced-security/cmd/report.go:107.10,107.46 1 0
github.com/messagedigest-net/gh-advanced-security/cmd/report.go:107.46,110.19 3 0
github.com/messagedigest-net/gh-advanced-security/cmd/report.go:110.19,111.31 1 0
github.com/messagedigest-net/gh-advanced-security/cmd/report.go:111.31,115.7 1 0
github.com/messagedigest-net/gh-advanced-security/cmd/report.go:117.10,117.41 1 0
github.com/messagedigest-net/gh-advanced-security/cmd/report.go:117.41,121.19 3 0
github.com/messagedigest-net/gh-advanced-security/cmd/report.go:121.19,122.31 1 0
github.com/messagedigest-net/gh-advanced-security/cmd/report.go:122.31,125.19 2 0
github.com/messagedigest-net/gh-advanced-security/cmd/report.go:125.19,127.8 1 0
github.com/messagedigest-net/gh-advanced-security/cmd/report.go:129.7,138.8 1 0
github.com/messagedigest-net/gh-advanced-security/cmd/report.go:142.4,142.37 1 0
github.com/messagedigest-net/gh-advanced-security/cmd/report.go:146.2,146.12 1 0
github.com/messagedigest-net/gh-advanced-security/cmd/report.go:146.12,149.3 2 0
github.com/messagedigest-net/gh-advanced-security/cmd/report.go:151.2,152.27 2 0
github.com/messagedigest-net/gh-advanced-security/cmd/report.go:152.27,155.21 3 0
github.com/messagedigest-net/gh-advanced-security/cmd/report.go:155.21,157.4 1 0
github.com/messagedigest-net/gh-advanced-security/cmd/report.go:160.2,160.54 1 0
github.com/messagedigest-net/gh-advanced-security/cmd/report.go:163.13,168.2 4 0
github.com/messagedigest-net/gh-advanced-security/cmd/root.go:16.48,18.4 1 0
github.com/messagedigest-net/gh-advanced-security/cmd/root.go:25.13,34.2 3 0
github.com/messagedigest-net/gh-advanced-security/cmd/root.go:36.16,37.43 1 0
github.com/messagedigest-net/gh-advanced-security/cmd/root.go:37.43,40.4 2 0
github.com/messagedigest-net/gh-advanced-security/cmd/show-organization.go:28.47,37.17 6 0
github.com/messagedigest-net/gh-advanced-security/cmd/show-organization.go:37.17,40.4 2 0
github.com/messagedigest-net/gh-advanced-security/cmd/show-organization.go:44.13,46.2 1 0
github.com/messagedigest-net/gh-advanced-security/cmd/show-repository.go:18.47,25.37 3 0
github.com/messagedigest-net/gh-advanced-security/cmd/show-repository.go:25.37,28.4 2 0
github.com/messagedigest-net/gh-advanced-security/cmd/show-repository.go:32.3,33.17 2 0
github.com/messagedigest-net/gh-advanced-security/cmd/show-repository.go:33.17,36.4 2 0
github.com/messagedigest-net/gh-advanced-security/cmd/show-repository.go:40.13,43.2 1 0
github.com/messagedigest-net/gh-advanced-security/cmd/show.go:8.13,10.2 1 0
github.com/messagedigest-net/gh-advanced-security/cmd/show.go:18.47,20.3 1 0
github.com/messagedigest-net/gh-advanced-security/advanced-security.go:7.13,9.2 1 0
